<?xml version="1.0" encoding="utf-8"?>
<Page loaded="onLoaded" xmlns="http://schemas.nativescript.org/tns.xsd">
  <ActionBar title="Test – Rédaction" />
  <StackLayout class="p-4">
    <!-- Champ de saisie de la phrase -->
    <TextField text="{{ userInput }}" hint="Rédigez la phrase ici..." autocorrect="false" autocapitalizationType="none" />

    <!-- Chronomètre affiché -->
    <Label text="Temps écoulé: {{ displayTimer }}" class="mt-2 mb-4" />

    <!-- Bouton Terminer (premier clic) -->
    <Button text="Terminer" tap="onFinishAttempt" class="mb-2" />

    <!-- Bouton Nouvel essai (visible après enregistrement) -->
    <Button text="Nouvel essai" tap="onNewAttempt"
            visibility="{{ isNewAttemptVisible ? 'visible' : 'collapse' }}"
            class="mb-2" />

    <!-- Bouton Terminer le test (visible après enregistrement) -->
    <Button text="Terminer le test" tap="onCompleteTest"
            visibility="{{ isCompleteVisible ? 'visible' : 'collapse' }}" />
  </StackLayout>
</Page>
