<Page xmlns="http://schemas.nativescript.org/tns.xsd" navigatingTo="navigatingTo" class="page">
    <ActionBar class="header">
        <NavigationButton text="Retour" android.systemIcon="ic_menu_back" />
        <StackLayout>
            <Label text="Test" class="title" />
        </StackLayout>
    </ActionBar>
    
    <StackLayout class="content">
        <StackLayout class="session-item">
            <Label text="Appuyez sur le bouton pour commencer le test" class="session-title text-center" />
            
            <Button text="Commencer le test"
                    tap="{{ onStartTest }}"
                    class="btn-gradient" />
        </StackLayout>
    </StackLayout>
</Page>