<Page xmlns="http://schemas.nativescript.org/tns.xsd" navigatingTo="navigatingTo" class="page">
    <ActionBar class="header">
        <NavigationButton text="Retour" android.systemIcon="ic_menu_back" />
        <StackLayout>
            <Label text="Test" class="title" />
        </StackLayout>
    </ActionBar>
    
    <StackLayout class="content">
        <!-- Test Input Section -->
        <StackLayout class="session-item" visibility="{{ !showResults ? 'visible' : 'collapsed' }}">
            <Label text="Écrivez la phrase mémorisée :" class="session-title" />
            
            <TextField hint="Tapez la phrase ici..."
                      text="{{ userInput }}"
                      autocorrect="false"
                      autocapitalizationType="none"
                      class="input-field" />
            
            <Label text="{{ timer }}"
                   class="session-title text-center" />
            
            <Button text="Terminé"
                    tap="{{ onFinishTest }}"
                    class="btn-gradient" />
        </StackLayout>

        <!-- Results Section -->
        <StackLayout class="session-item" visibility="{{ showResults ? 'visible' : 'collapsed' }}">
            <Label text="Résultats" class="session-title text-center" />
            
            <GridLayout columns="*, *" rows="auto, auto" class="m-4">
                <Label col="0" row="0" text="Temps :" class="session-info" />
                <Label col="1" row="0" text="{{ timeTaken + ' secondes' }}" class="session-info" />
                
                <Label col="0" row="1" text="Erreurs :" class="session-info" />
                <Label col="1" row="1" text="{{ errorCount }}" class="session-info" />
            </GridLayout>

            <StackLayout class="m-4">
                <Button text="Nouvel essai"
                        tap="{{ onNewTry }}"
                        class="btn-gradient" />
                        
                <Button text="Terminer le test"
                        tap="{{ onFinishSession }}"
                        class="btn-gradient" />
            </StackLayout>
        </StackLayout>
    </StackLayout>
</Page>